
> recruiter-in-your-pocket@1.0.0 dev
> nodemon server.js

[33m[nodemon] 3.1.11[39m
[33m[nodemon] to restart at any time, enter `rs`[39m
[33m[nodemon] watching path(s): *.*[39m
[33m[nodemon] watching extensions: js,mjs,cjs,json[39m
[32m[nodemon] starting `node server.js`[39m
[dotenv@17.2.3] injecting env (7) from .env -- tip: 📡 add observability to secrets: https://dotenvx.com/ops
Server starting in directory: /Users/matsha05/Desktop/dev/recruiter-in-your-pocket
Backend listening on http://localhost:3000
{"ts":"2025-12-07T17:19:30.424Z","level":"info","reqId":"9d484592-2f03-4269-9c45-2e15ec7a86fa","method":"GET","path":"/","status":200,"durationMs":10}
{"ts":"2025-12-07T17:19:30.428Z","level":"info","reqId":"9957fcb3-d4cd-4588-8f79-127a40df47f7","method":"GET","path":"/styles/main.css","status":304,"durationMs":1}
{"ts":"2025-12-07T17:19:30.429Z","level":"info","reqId":"ec70d585-9eb4-4ec0-b4a4-99b5f4d3d422","method":"GET","path":"/scripts/main.js","status":304,"durationMs":0}
{"ts":"2025-12-07T17:19:30.534Z","level":"info","reqId":"0e53a255-a24d-4ce0-b6d4-47c8fef2c01e","method":"GET","path":"/api/me","status":304,"durationMs":3}
{"ts":"2025-12-07T17:19:36.622Z","level":"info","reqId":"548c06e4-9291-40c0-ac3e-fe21392b12fc","method":"GET","path":"/workspace","status":200,"durationMs":1}
{"ts":"2025-12-07T17:19:36.771Z","level":"info","reqId":"373fffe5-d19d-4952-954b-c4410124d38d","method":"GET","path":"/?testHistory=true","status":200,"durationMs":1}
{"ts":"2025-12-07T17:19:36.783Z","level":"info","reqId":"49870fd4-f88a-47d4-bde7-8c04b9268fba","method":"GET","path":"/styles/main.css","status":304,"durationMs":2}
{"ts":"2025-12-07T17:19:36.785Z","level":"info","reqId":"836b0a69-8f94-4c3b-99c6-0c6bedd667c3","method":"GET","path":"/scripts/main.js","status":304,"durationMs":0}
{"ts":"2025-12-07T17:19:36.805Z","level":"info","reqId":"0bb3ecd6-18a4-4ba5-a550-8638a9e6129c","method":"GET","path":"/api/me","status":304,"durationMs":1}
{"ts":"2025-12-07T17:19:42.436Z","level":"info","reqId":"5bb0dc7a-ba05-450c-bf55-25706b396523","method":"GET","path":"/workspace?testHistory=true","status":200,"durationMs":1}
{"ts":"2025-12-07T17:19:48.488Z","level":"info","reqId":"f78ae453-379f-4718-b266-30cc344de0bf","method":"GET","path":"/workspace?sample=true","status":200,"durationMs":4}
{"ts":"2025-12-07T17:19:48.527Z","level":"info","reqId":"91ffa067-6b58-4f34-9bbb-ea0752ffc9de","method":"GET","path":"/api/me","status":304,"durationMs":2}
{"ts":"2025-12-07T17:19:48.528Z","level":"info","reqId":"2035ae0d-b40f-4831-8d9e-d26302f4b4cb","method":"GET","path":"/sample-report.json","status":304,"durationMs":2}
{"ts":"2025-12-07T17:19:57.675Z","level":"info","reqId":"fb7d0791-a688-4ff0-8b4c-c9a4d74fe090","method":"GET","path":"/workspace?testHistory=true","status":200,"durationMs":3}
{"ts":"2025-12-07T17:20:01.892Z","level":"info","reqId":"d934928e-0e33-4512-a369-67ff5002c79d","method":"GET","path":"/api/reports","status":401,"durationMs":2}
{"ts":"2025-12-07T17:20:44.042Z","level":"info","reqId":"ed4cef7c-8c96-4f67-aae1-b2be142ff9ca","method":"GET","path":"/api/reports","status":401,"durationMs":2}
{"ts":"2025-12-07T17:21:21.728Z","level":"info","reqId":"e17fb841-0249-4fcb-a018-8f249b2f76bd","method":"GET","path":"/api/reports","status":401,"durationMs":3}
{"ts":"2025-12-07T17:21:32.073Z","level":"info","reqId":"84089851-b214-4ad1-a01d-b11cd87e3b63","method":"GET","path":"/api/reports","status":401,"durationMs":0}
{"ts":"2025-12-07T17:21:35.689Z","level":"info","reqId":"810a063a-faaf-4336-b9f2-7a27d7a46942","method":"GET","path":"/","status":304,"durationMs":1}
{"ts":"2025-12-07T17:21:35.708Z","level":"info","reqId":"a7d2ff7c-720c-4587-8e5c-e095327bd0f0","method":"GET","path":"/styles/main.css","status":304,"durationMs":2}
{"ts":"2025-12-07T17:21:35.708Z","level":"info","reqId":"f9f1cdcf-c48d-4dbc-9510-ecee60f61908","method":"GET","path":"/scripts/main.js","status":304,"durationMs":1}
{"ts":"2025-12-07T17:21:35.751Z","level":"info","reqId":"9a9b0c28-fb13-4686-9da8-8848ca43a5a0","method":"GET","path":"/api/me","status":304,"durationMs":1}
{"ts":"2025-12-07T17:21:46.129Z","level":"info","reqId":"5b5cd550-b9d8-415c-b34a-6cc3ffe6f659","method":"GET","path":"/privacy","status":304,"durationMs":1}
{"ts":"2025-12-07T17:21:48.813Z","level":"info","reqId":"0f40c571-4136-4971-be64-deb441941935","method":"GET","path":"/","status":304,"durationMs":1}
{"ts":"2025-12-07T17:21:48.832Z","level":"info","reqId":"e7fee734-2461-4405-a697-4953fa09b594","method":"GET","path":"/styles/main.css","status":304,"durationMs":1}
{"ts":"2025-12-07T17:21:48.833Z","level":"info","reqId":"6cd738d9-d378-433f-91f3-a65f39d32ee1","method":"GET","path":"/scripts/main.js","status":304,"durationMs":1}
{"ts":"2025-12-07T17:21:48.855Z","level":"info","reqId":"ac7dec6c-c6b4-4ad2-9b5b-f752da654c3a","method":"GET","path":"/api/me","status":304,"durationMs":1}
{"ts":"2025-12-07T17:22:02.696Z","level":"info","reqId":"e34e7049-ead4-48da-ba83-2d72f6918a60","method":"GET","path":"/workspace?testHistory=true","status":200,"durationMs":3}
{"ts":"2025-12-07T17:22:49.391Z","level":"info","reqId":"3929412e-26ee-4bc5-a7ad-b09cc1bbe43e","method":"GET","path":"/workspace","status":200,"durationMs":4}
{"ts":"2025-12-07T17:22:49.432Z","level":"info","reqId":"5147e011-8522-4c7f-b534-990a26e43ce4","method":"GET","path":"/api/me","status":304,"durationMs":1}
{"ts":"2025-12-07T17:23:55.598Z","level":"info","reqId":"563fa143-9756-4aca-8bac-79d1059a374f","method":"GET","path":"/workspace","status":200,"durationMs":5}
{"ts":"2025-12-07T17:23:55.642Z","level":"info","reqId":"78ca041e-9808-4772-b181-2edaf4a5104f","method":"GET","path":"/api/me","status":304,"durationMs":2}
{"ts":"2025-12-07T17:24:01.055Z","level":"info","reqId":"1d94045f-8b8f-47aa-9352-461cd20bd636","method":"GET","path":"/workspace?testHistory=true","status":200,"durationMs":4}
{"ts":"2025-12-07T17:25:21.963Z","level":"info","reqId":"7242cb78-045f-48c4-ae3f-f7e257d1e3d6","method":"GET","path":"/workspace","status":200,"durationMs":2}
{"ts":"2025-12-07T17:25:22.008Z","level":"info","reqId":"4a3eb3d3-06ce-405e-b24d-dd3707d4aef1","method":"GET","path":"/api/me","status":304,"durationMs":2}
{"ts":"2025-12-07T17:25:23.190Z","level":"info","reqId":"52e85ee9-78b1-4f0d-bf8c-d26c7ec99d5c","method":"GET","path":"/api/reports","status":401,"durationMs":1}
{"ts":"2025-12-07T17:25:25.640Z","level":"info","reqId":"80206c2c-9b1f-4543-8aa4-a7deb9ab13b7","method":"GET","path":"/workspace","status":304,"durationMs":1}
{"ts":"2025-12-07T17:25:25.676Z","level":"info","reqId":"151f1bfd-7b6b-4fd7-a90f-0b470f2e747f","method":"GET","path":"/api/me","status":304,"durationMs":1}
{"ts":"2025-12-07T17:25:26.860Z","level":"info","reqId":"732a0917-5096-48b9-92e9-af252f6889cb","method":"GET","path":"/api/reports","status":401,"durationMs":2}
{"ts":"2025-12-07T17:25:29.809Z","level":"info","reqId":"3d2bdf79-f6e3-4871-851e-dd2c3e17a11e","method":"GET","path":"/sample-report.json","status":304,"durationMs":1}
{"ts":"2025-12-07T17:25:35.497Z","level":"info","reqId":"1914ff4d-95d4-48f0-835a-0a16d70af295","method":"GET","path":"/api/reports","status":401,"durationMs":1}
{"ts":"2025-12-07T17:25:37.354Z","level":"info","reqId":"80e4e8c6-4ef4-40da-bf58-1b387590fced","method":"GET","path":"/","status":304,"durationMs":2}
{"ts":"2025-12-07T17:25:37.370Z","level":"info","reqId":"554793d3-bc4d-4993-bc6b-5b5149e72861","method":"GET","path":"/styles/main.css","status":304,"durationMs":2}
{"ts":"2025-12-07T17:25:37.372Z","level":"info","reqId":"55c6bd01-bf1d-46d2-bd08-cd7778a04d1d","method":"GET","path":"/scripts/main.js","status":304,"durationMs":0}
{"ts":"2025-12-07T17:25:37.400Z","level":"info","reqId":"062d5aaf-c1ed-42cd-9e33-6f8927cc3cc3","method":"GET","path":"/api/me","status":304,"durationMs":1}
{"ts":"2025-12-07T17:25:56.436Z","level":"info","reqId":"6f75a336-dee7-4057-97ce-8c1c8ce76243","method":"GET","path":"/workspace","status":200,"durationMs":4}
{"ts":"2025-12-07T17:25:56.478Z","level":"info","reqId":"11301d86-ee36-47fb-9db2-713d3b741071","method":"GET","path":"/api/me","status":304,"durationMs":1}
{"ts":"2025-12-07T17:25:57.560Z","level":"info","reqId":"abd4010b-33c8-4c1e-9586-996f28a38b06","method":"GET","path":"/api/reports","status":401,"durationMs":2}
{"ts":"2025-12-07T17:26:54.602Z","level":"info","reqId":"d73d09a2-71b9-42b7-a6d0-20e467704264","method":"GET","path":"/workspace","status":304,"durationMs":1}
{"ts":"2025-12-07T17:26:54.647Z","level":"info","reqId":"07cc893f-79aa-4ac9-b60b-d8529633f7b3","method":"GET","path":"/api/me","status":304,"durationMs":2}
{"ts":"2025-12-07T17:26:55.581Z","level":"info","reqId":"3a3dadea-f0f3-43f6-abc1-74d33a26685e","method":"GET","path":"/api/reports","status":401,"durationMs":1}
{"ts":"2025-12-07T17:27:25.599Z","level":"info","reqId":"576a3142-f6da-453e-9ce6-b3714ee71148","method":"GET","path":"/workspace","status":200,"durationMs":4}
{"ts":"2025-12-07T17:27:25.639Z","level":"info","reqId":"44b807a2-1991-4a68-b317-8076fa033e68","method":"GET","path":"/api/me","status":304,"durationMs":1}
{"ts":"2025-12-07T17:27:26.878Z","level":"info","reqId":"9bc90ff7-5737-48ca-9946-40567531a34d","method":"GET","path":"/api/reports","status":401,"durationMs":2}
{"ts":"2025-12-07T17:27:28.257Z","level":"info","reqId":"6eb7372c-e6d1-4976-b368-6123a788d8bf","method":"GET","path":"/api/reports","status":401,"durationMs":1}
{"ts":"2025-12-07T17:27:39.650Z","level":"info","reqId":"8b2f8281-88f4-4cef-b51f-983271262718","method":"GET","path":"/workspace","status":304,"durationMs":2}
{"ts":"2025-12-07T17:27:39.687Z","level":"info","reqId":"c131f921-d10d-4260-8fcb-45ebcc4cfbd7","method":"GET","path":"/api/me","status":304,"durationMs":0}
{"ts":"2025-12-07T17:28:11.395Z","level":"info","reqId":"f60c6fa0-99ff-4f2a-8d3b-a61c7123b9c7","method":"GET","path":"/workspace","status":200,"durationMs":2}
{"ts":"2025-12-07T17:28:11.438Z","level":"info","reqId":"b32ef013-1d44-4f42-9118-403ea54fd3af","method":"GET","path":"/api/me","status":304,"durationMs":1}
{"ts":"2025-12-07T17:28:12.511Z","level":"info","reqId":"69c3049d-0b73-4892-948c-ad6ef743a45a","method":"GET","path":"/api/reports","status":401,"durationMs":2}
{"ts":"2025-12-07T17:31:30.881Z","level":"info","reqId":"bd168ba4-769d-4c37-acb5-d3d63cfd706c","method":"GET","path":"/workspace","status":304,"durationMs":2}
{"ts":"2025-12-07T17:31:30.987Z","level":"info","reqId":"2746c2e0-3eec-4565-af41-94ebb5989078","method":"GET","path":"/api/me","status":304,"durationMs":1}
{"ts":"2025-12-07T17:31:32.146Z","level":"info","reqId":"4373b858-83bc-4227-aa64-92ff4415392d","method":"GET","path":"/api/reports","status":401,"durationMs":2}
{"ts":"2025-12-07T17:31:42.779Z","level":"info","reqId":"2dce56b2-d100-4f10-8f9a-c6c50539a4a4","method":"GET","path":"/api/reports","status":401,"durationMs":1}
{"ts":"2025-12-07T17:34:08.447Z","level":"info","reqId":"0e27bd90-576a-4c9b-b280-3c53d6b70713","method":"GET","path":"/workspace","status":200,"durationMs":3}
{"ts":"2025-12-07T17:34:08.490Z","level":"info","reqId":"faf5f206-7ade-4695-be59-b9117592df49","method":"GET","path":"/api/me","status":304,"durationMs":1}
{"ts":"2025-12-07T17:34:09.379Z","level":"info","reqId":"68fb7028-4aca-4718-bb44-06899d760ac3","method":"GET","path":"/api/reports","status":401,"durationMs":2}
{"ts":"2025-12-07T17:37:42.031Z","level":"info","reqId":"111f4aac-d151-4275-abba-c037f5ec894c","method":"GET","path":"/api/reports","status":401,"durationMs":2}
{"ts":"2025-12-07T17:37:44.337Z","level":"info","reqId":"375d4f69-b028-4d51-adcf-a0156346f092","method":"GET","path":"/","status":304,"durationMs":0}
{"ts":"2025-12-07T17:37:44.354Z","level":"info","reqId":"3377b4ea-ca5d-439b-909d-760555ed4e73","method":"GET","path":"/styles/main.css","status":304,"durationMs":2}
{"ts":"2025-12-07T17:37:44.355Z","level":"info","reqId":"57a7b156-5b6b-4af7-97df-6aa5d4677902","method":"GET","path":"/scripts/main.js","status":304,"durationMs":1}
{"ts":"2025-12-07T17:37:44.380Z","level":"info","reqId":"4e64ad0b-21a8-41d7-bb22-e1ce9c106d0d","method":"GET","path":"/api/me","status":304,"durationMs":0}
{"ts":"2025-12-07T19:53:41.977Z","level":"info","reqId":"02c3882f-e5e8-41cc-8d37-4e10a3e2723e","method":"GET","path":"/","status":200,"durationMs":2}
{"ts":"2025-12-07T19:53:42.042Z","level":"info","reqId":"574a8101-930c-4043-81ab-9bb31587c7c7","method":"GET","path":"/styles/main.css","status":304,"durationMs":2}
{"ts":"2025-12-07T19:53:42.043Z","level":"info","reqId":"b3fa2739-dd85-48e6-8045-12420d36a57a","method":"GET","path":"/scripts/main.js","status":304,"durationMs":1}
{"ts":"2025-12-07T19:53:42.071Z","level":"info","reqId":"ec497701-68e6-42ef-9bd4-fc175ae5e6b2","method":"GET","path":"/api/me","status":304,"durationMs":2}
{"ts":"2025-12-07T20:45:55.570Z","level":"info","reqId":"57d5e6ab-ed42-41e0-978e-401080cf4148","method":"GET","path":"/workspace","status":200,"durationMs":10}
{"ts":"2025-12-07T20:45:55.589Z","level":"info","reqId":"442e6bc3-202d-4d9d-b76e-4464f5b810e3","method":"GET","path":"/api/me","status":304,"durationMs":1}
{"ts":"2025-12-07T20:45:55.660Z","level":"info","reqId":"a89e827f-8b09-47b2-a2a8-6325d6bda949","method":"GET","path":"/favicon.ico","status":404,"durationMs":41}
{"ts":"2025-12-07T20:46:22.583Z","level":"info","reqId":"0b7d2aa1-78de-46bb-ae93-8e71245213ee","method":"GET","path":"/api/reports","status":401,"durationMs":2}
{"ts":"2025-12-07T20:47:25.346Z","level":"info","reqId":"94ce06bf-2ec1-40fd-80f4-9895c52dd7b4","method":"GET","path":"/","status":200,"durationMs":3}
{"ts":"2025-12-07T20:47:25.409Z","level":"info","reqId":"d2ae40e0-2f9e-4518-86fc-c4381969c472","method":"GET","path":"/styles/main.css","status":304,"durationMs":1}
{"ts":"2025-12-07T20:47:25.413Z","level":"info","reqId":"b74f13bf-b642-4775-930c-5d4be41d05c1","method":"GET","path":"/scripts/main.js","status":304,"durationMs":1}
{"ts":"2025-12-07T20:47:25.545Z","level":"info","reqId":"82728f78-532a-4255-88dd-e5c991d0a8d5","method":"GET","path":"/api/me","status":304,"durationMs":2}
{"ts":"2025-12-07T20:47:28.226Z","level":"info","reqId":"0747212d-a8c1-4baf-8356-8df8d030562a","method":"GET","path":"/workspace?sample=true","status":200,"durationMs":4}
{"ts":"2025-12-07T20:47:28.500Z","level":"info","reqId":"ffc298e1-3dca-4f0a-a209-e463cb48d2b7","method":"GET","path":"/sample-report.json","status":304,"durationMs":1}
{"ts":"2025-12-07T20:47:28.500Z","level":"info","reqId":"07bbab64-03e6-454a-b35d-ac8d9b4b91ac","method":"GET","path":"/api/me","status":304,"durationMs":2}
[email][dev] To: matsumatsha@gmail.com
Subject: Your Recruiter in Your Pocket code

Your code: 235372

Enter this code to continue your upgrade or sign in from another device.
The code expires in 15 minutes.

If you did not request this, you can ignore this email.
{"ts":"2025-12-07T20:47:31.608Z","level":"info","msg":"login_code_sent","email":"matsumatsha@gmail.com"}
{"ts":"2025-12-07T20:47:31.609Z","level":"info","reqId":"df56b6bd-a5a7-450d-8185-f9df4de8be9a","method":"POST","path":"/api/login/request-code","status":200,"durationMs":2345}
{"ts":"2025-12-07T20:47:36.428Z","level":"info","reqId":"cfd84b4d-49e6-4262-81ca-6afc3d17e3ac","method":"GET","path":"/api/reports","status":401,"durationMs":1}
[email][dev] To: mattrshaw2011@gmail.com
Subject: Your Recruiter in Your Pocket code

Your code: 981101

Enter this code to continue your upgrade or sign in from another device.
The code expires in 15 minutes.

If you did not request this, you can ignore this email.
{"ts":"2025-12-07T20:47:41.123Z","level":"info","msg":"login_code_sent","email":"mattrshaw2011@gmail.com"}
{"ts":"2025-12-07T20:47:41.124Z","level":"info","reqId":"57f67920-5da1-4731-b9ee-b6ded44f45ba","method":"POST","path":"/api/login/request-code","status":200,"durationMs":828}
{"ts":"2025-12-07T20:48:27.255Z","level":"info","reqId":"ef5eb7ce-9218-48e9-a048-d0a499b1cd23","method":"POST","path":"/api/login/verify","status":400,"durationMs":1936}
{"ts":"2025-12-07T20:49:21.167Z","level":"info","msg":"rate_limit_cleanup","removed":1,"remaining":0}
[32m[nodemon] restarting due to changes...[39m
[32m[nodemon] starting `node server.js`[39m
[dotenv@17.2.3] injecting env (15) from .env -- tip: 📡 add observability to secrets: https://dotenvx.com/ops
Stripe is configured but API_AUTH_TOKEN is not set. In non-production this is allowed, but avoid exposing payment endpoints without auth in shared environments.
Server starting in directory: /Users/matsha05/Desktop/dev/recruiter-in-your-pocket
Backend listening on http://localhost:3000
{"ts":"2025-12-07T20:51:58.907Z","level":"info","reqId":"d2d31e1a-d8dc-4cb9-8cd8-9c6a4471eab3","method":"GET","path":"/","status":304,"durationMs":13}
{"ts":"2025-12-07T20:51:58.939Z","level":"info","reqId":"27cdee45-8562-4b47-a0fc-8bdfdde24092","method":"GET","path":"/styles/main.css","status":304,"durationMs":1}
{"ts":"2025-12-07T20:51:58.940Z","level":"info","reqId":"f5bb1606-c6d8-471e-bcd4-ba27e359d49c","method":"GET","path":"/scripts/main.js","status":304,"durationMs":0}
{"ts":"2025-12-07T20:51:59.056Z","level":"info","reqId":"ec70f9c1-2318-4754-95b8-ce5f246dddac","method":"GET","path":"/api/me","status":304,"durationMs":8}
{"ts":"2025-12-07T20:52:26.206Z","level":"info","reqId":"969d6552-ad85-4f18-ad9a-1a0991591b56","method":"GET","path":"/workspace?sample=true","status":304,"durationMs":3}
{"ts":"2025-12-07T20:52:26.248Z","level":"info","reqId":"556ce711-2156-46c5-b147-3573b55e4a3f","method":"GET","path":"/api/me","status":304,"durationMs":3}
{"ts":"2025-12-07T20:52:26.248Z","level":"info","reqId":"de95951b-1235-4525-b3e4-e58fb6727969","method":"GET","path":"/sample-report.json","status":304,"durationMs":2}
{"ts":"2025-12-07T20:52:28.207Z","level":"info","reqId":"ccf6cf6f-3565-49c7-8969-01b9c48f081b","method":"GET","path":"/api/reports","status":401,"durationMs":2}
[mailer] Checking SMTP config: {
  hasHost: true,
  hasPort: true,
  hasUser: true,
  hasPass: true,
  host: 'smtp.resend.com',
  port: '587'
}
[mailer] Creating SMTP transport...
[mailer] SMTP transport created successfully
{"ts":"2025-12-07T20:52:38.852Z","level":"info","msg":"login_code_sent","email":"mattrshaw2011@gmail.com"}
{"ts":"2025-12-07T20:52:38.854Z","level":"info","reqId":"4c6d890c-2698-4736-bde0-bfb11cb2100e","method":"POST","path":"/api/login/request-code","status":200,"durationMs":6099}
{"ts":"2025-12-07T20:53:57.653Z","level":"info","reqId":"49111a7d-46ef-4b07-ac55-60c8c528cc96","method":"POST","path":"/api/login/verify","status":200,"durationMs":2648}
{"ts":"2025-12-07T20:53:58.620Z","level":"info","msg":"reports_list_fetched","reqId":"194baaa5-90d4-4b8f-8af8-2e06e9f11869","userId":"93899d57-567e-4470-94b0-226c26901bc7","count":0}
{"ts":"2025-12-07T20:53:58.621Z","level":"info","reqId":"194baaa5-90d4-4b8f-8af8-2e06e9f11869","method":"GET","path":"/api/reports","status":200,"durationMs":72}
{"ts":"2025-12-07T20:54:00.183Z","level":"info","reqId":"92532e68-3b28-42ea-912b-19b3644ca84a","method":"GET","path":"/api/me","status":200,"durationMs":62}
{"ts":"2025-12-07T20:54:02.805Z","level":"info","msg":"reports_list_fetched","reqId":"75dc0346-fb8c-4db6-9173-3f9fee2fadc9","userId":"93899d57-567e-4470-94b0-226c26901bc7","count":0}
{"ts":"2025-12-07T20:54:02.807Z","level":"info","reqId":"75dc0346-fb8c-4db6-9173-3f9fee2fadc9","method":"GET","path":"/api/reports","status":304,"durationMs":65}
{"ts":"2025-12-07T20:55:21.987Z","level":"info","reqId":"39beea98-1d62-4ba7-ab8d-b18c31aa7c34","method":"GET","path":"/","status":304,"durationMs":2}
{"ts":"2025-12-07T20:55:22.570Z","level":"info","reqId":"7aae088b-fc71-443f-8465-bf401b7d70a6","method":"GET","path":"/styles/main.css","status":304,"durationMs":1}
{"ts":"2025-12-07T20:55:24.093Z","level":"info","reqId":"5ab4e203-a473-4202-bb26-9ffe96cc0a06","method":"GET","path":"/scripts/main.js","status":304,"durationMs":2}
{"ts":"2025-12-07T20:55:25.077Z","level":"info","reqId":"289a6f43-416d-4e2f-9e4a-6c5c50ba83d4","method":"GET","path":"/api/me","status":304,"durationMs":397}
{"ts":"2025-12-07T20:55:52.018Z","level":"info","msg":"rate_limit_cleanup","removed":1,"remaining":0}
{"ts":"2025-12-07T20:59:16.304Z","level":"info","reqId":"76d27e6c-38db-4344-8b59-aa6a4c3a9780","method":"GET","path":"/workspace?sample=true","status":304,"durationMs":3}
{"ts":"2025-12-07T20:59:16.896Z","level":"info","reqId":"7c767669-0f0e-40f9-86c2-277adc310f11","method":"GET","path":"/sample-report.json","status":304,"durationMs":2}
{"ts":"2025-12-07T20:59:18.461Z","level":"info","reqId":"96b0acf8-bdf0-4674-a5dc-ed5395fa0509","method":"GET","path":"/api/me","status":304,"durationMs":62}
{"ts":"2025-12-07T20:59:18.526Z","level":"info","msg":"reports_list_fetched","reqId":"b49d2d4a-65a6-4c00-84df-5446f0134086","userId":"93899d57-567e-4470-94b0-226c26901bc7","count":0}
{"ts":"2025-12-07T20:59:18.527Z","level":"info","reqId":"b49d2d4a-65a6-4c00-84df-5446f0134086","method":"GET","path":"/api/reports","status":304,"durationMs":65}
{"ts":"2025-12-07T20:59:21.678Z","level":"info","reqId":"ccad786a-efff-4cd6-adb2-6f6816419a68","method":"GET","path":"/","status":304,"durationMs":2}
{"ts":"2025-12-07T20:59:22.591Z","level":"info","reqId":"266219e0-c3bf-4506-b5a5-176d362bca5e","method":"GET","path":"/scripts/main.js","status":304,"durationMs":1}
{"ts":"2025-12-07T20:59:22.592Z","level":"info","reqId":"2e62234c-26a0-4465-918b-e7e1fd1a78af","method":"GET","path":"/styles/main.css","status":304,"durationMs":2}
{"ts":"2025-12-07T20:59:23.188Z","level":"info","reqId":"b8859766-3399-4dfa-9d7e-2c34ac9fb6c9","method":"GET","path":"/api/me","status":304,"durationMs":71}
[32m[nodemon] restarting due to changes...[39m
[32m[nodemon] starting `node server.js`[39m
[dotenv@17.2.3] injecting env (15) from .env -- tip: 🔐 encrypt with Dotenvx: https://dotenvx.com
Stripe is configured but API_AUTH_TOKEN is not set. In non-production this is allowed, but avoid exposing payment endpoints without auth in shared environments.
Server starting in directory: /Users/matsha05/Desktop/dev/recruiter-in-your-pocket
Backend listening on http://localhost:3000
{"ts":"2025-12-07T21:00:52.848Z","level":"info","reqId":"56d586b5-fdc0-4145-9209-20a354f650d3","method":"GET","path":"/","status":304,"durationMs":2}
{"ts":"2025-12-07T21:00:53.378Z","level":"info","reqId":"62e457fd-84c4-4c99-b02f-65ddd7474cf9","method":"GET","path":"/styles/main.css","status":304,"durationMs":2}
{"ts":"2025-12-07T21:00:54.225Z","level":"info","reqId":"941909bb-5d63-4421-8896-43d2fd4bb85f","method":"GET","path":"/scripts/main.js","status":200,"durationMs":6}
{"ts":"2025-12-07T21:00:54.883Z","level":"info","reqId":"14454493-e74d-4934-b71d-8cd1cf95c45a","method":"GET","path":"/api/me","status":304,"durationMs":456}
{"ts":"2025-12-07T21:00:57.565Z","level":"info","reqId":"45dfa20d-ace1-49e3-97fa-e898b35ff2c3","method":"GET","path":"/workspace?sample=true","status":304,"durationMs":2}
{"ts":"2025-12-07T21:00:58.552Z","level":"info","reqId":"4e41485d-6c22-4071-becd-3b440f671be7","method":"GET","path":"/sample-report.json","status":304,"durationMs":3}
{"ts":"2025-12-07T21:00:58.612Z","level":"info","reqId":"3c788828-7c5c-49b3-9a27-9d3f018335a3","method":"GET","path":"/api/me","status":304,"durationMs":63}
{"ts":"2025-12-07T21:00:59.661Z","level":"info","msg":"reports_list_fetched","reqId":"8f3931dd-2087-4899-a3a6-105c01b2cc74","userId":"93899d57-567e-4470-94b0-226c26901bc7","count":0}
{"ts":"2025-12-07T21:00:59.662Z","level":"info","reqId":"8f3931dd-2087-4899-a3a6-105c01b2cc74","method":"GET","path":"/api/reports","status":304,"durationMs":66}
{"ts":"2025-12-07T21:01:04.379Z","level":"info","reqId":"947eb0ae-8a8f-4ef8-97b9-d8664d1fd5a2","method":"GET","path":"/","status":304,"durationMs":2}
{"ts":"2025-12-07T21:01:04.907Z","level":"info","reqId":"7ad61c22-5191-4330-ae28-a84d777d0489","method":"GET","path":"/scripts/main.js","status":304,"durationMs":1}
{"ts":"2025-12-07T21:01:04.908Z","level":"info","reqId":"0bb4bcde-0af7-4469-ab2c-7562b65bde07","method":"GET","path":"/styles/main.css","status":304,"durationMs":2}
{"ts":"2025-12-07T21:01:05.952Z","level":"info","reqId":"cb2c773b-b696-498b-bc0a-63e8d63c412a","method":"GET","path":"/api/me","status":304,"durationMs":65}
{"ts":"2025-12-07T21:01:12.707Z","level":"info","msg":"checkout_session_created","reqId":"294c39c7-7291-48c9-859d-28426c4edad3","userId":"93899d57-567e-4470-94b0-226c26901bc7","tier":"24-hour","priceId":"price_1Sbo...","sessionId":"cs_test_a10ltvVS569x6uBnlbzdPs5Omp5BH6SnAbehdmpNNaQ5hj4OvWxLg0XYLS"}
{"ts":"2025-12-07T21:01:12.708Z","level":"info","reqId":"294c39c7-7291-48c9-859d-28426c4edad3","method":"POST","path":"/api/create-checkout-session","status":200,"durationMs":1929}
{"ts":"2025-12-07T21:01:14.278Z","level":"info","msg":"checkout_session_created","reqId":"f1acfe66-50e4-4908-ba3d-529df191673c","userId":"93899d57-567e-4470-94b0-226c26901bc7","tier":"24-hour","priceId":"price_1Sbo...","sessionId":"cs_test_a1xFPaxCs1fUNLjdtPu8wromlhmd2oIrIBn2NADYZklDkM9xBNLcjqKUct"}
{"ts":"2025-12-07T21:01:14.279Z","level":"info","reqId":"f1acfe66-50e4-4908-ba3d-529df191673c","method":"POST","path":"/api/create-checkout-session","status":200,"durationMs":466}
{"ts":"2025-12-07T21:02:13.064Z","level":"info","reqId":"6bb4f34b-7089-4d89-8b3e-f686d5d5f920","method":"GET","path":"/?checkout=success&tier=24h&session_id=cs_test_a10ltvVS569x6uBnlbzdPs5Omp5BH6SnAbehdmpNNaQ5hj4OvWxLg0XYLS","status":200,"durationMs":6}
{"ts":"2025-12-07T21:02:13.648Z","level":"info","reqId":"e1a6207b-ffd3-4d1a-84f1-a970dbd0a21d","method":"GET","path":"/styles/main.css","status":304,"durationMs":2}
{"ts":"2025-12-07T21:02:15.160Z","level":"info","reqId":"a1b3df44-baab-4eb4-826a-ac8b61149261","method":"GET","path":"/scripts/main.js","status":304,"durationMs":3}
{"ts":"2025-12-07T21:02:16.146Z","level":"info","reqId":"bab9e354-511b-4b46-a610-42f5e3e20622","method":"GET","path":"/api/me","status":304,"durationMs":401}
{"ts":"2025-12-07T21:02:16.795Z","level":"info","reqId":"baefb963-4fc6-4a32-b528-1bca9361f28d","method":"GET","path":"/api/me","status":304,"durationMs":64}
{"ts":"2025-12-07T21:02:19.100Z","level":"info","msg":"checkout_session_created","reqId":"87325290-9cac-4518-aaa8-c2c0b096ac8b","userId":"93899d57-567e-4470-94b0-226c26901bc7","tier":"24-hour","priceId":"price_1Sbo...","sessionId":"cs_test_a1g0X6CoHugSh3l1sFVBnCXW0UzOzYOGzciFC29R2a3hng2on4QIaAUGNO"}
{"ts":"2025-12-07T21:02:19.102Z","level":"info","reqId":"87325290-9cac-4518-aaa8-c2c0b096ac8b","method":"POST","path":"/api/create-checkout-session","status":200,"durationMs":467}
{"ts":"2025-12-07T21:03:20.526Z","level":"info","msg":"checkout_session_created","reqId":"38f98cda-f133-463b-b3b4-18225679165b","userId":"93899d57-567e-4470-94b0-226c26901bc7","tier":"24-hour","priceId":"price_1Sbo...","sessionId":"cs_test_a1PseYxsg3TnDxeEr7WRG0sBvziiylcWPRZOzWRUh8MRaJSpaw9iO9EQjF"}
{"ts":"2025-12-07T21:03:20.529Z","level":"info","reqId":"38f98cda-f133-463b-b3b4-18225679165b","method":"POST","path":"/api/create-checkout-session","status":200,"durationMs":498}
{"ts":"2025-12-07T21:04:32.858Z","level":"info","reqId":"ef6cacc0-f12e-43f2-b027-76ce3ea61ad5","method":"GET","path":"/","status":304,"durationMs":1}
{"ts":"2025-12-07T21:04:33.059Z","level":"info","reqId":"081603f1-68e5-4e43-ab4e-219e4d3e4139","method":"GET","path":"/styles/main.css","status":304,"durationMs":1}
{"ts":"2025-12-07T21:04:33.510Z","level":"info","reqId":"2fcf910c-0bb5-49ca-9320-289ccabf90c0","method":"GET","path":"/scripts/main.js","status":304,"durationMs":0}
{"ts":"2025-12-07T21:04:33.839Z","level":"info","reqId":"53c5fa39-6a3f-4336-bc8d-a0d653709e24","method":"GET","path":"/api/me","status":304,"durationMs":136}
{"ts":"2025-12-07T21:04:36.758Z","level":"info","reqId":"c182d26f-c43a-4623-ba52-051d9a4f9c92","method":"GET","path":"/workspace?sample=true","status":304,"durationMs":3}
{"ts":"2025-12-07T21:04:37.056Z","level":"info","reqId":"6d1341d1-544b-4204-9ec6-4c5300ffa04a","method":"GET","path":"/sample-report.json","status":304,"durationMs":1}
{"ts":"2025-12-07T21:04:37.119Z","level":"info","reqId":"1619e6b6-c39a-4de4-a46e-694eb5799a2f","method":"GET","path":"/api/me","status":304,"durationMs":65}
{"ts":"2025-12-07T21:04:38.228Z","level":"info","msg":"reports_list_fetched","reqId":"56e104e8-1324-4796-b349-8e0fd9f9a325","userId":"93899d57-567e-4470-94b0-226c26901bc7","count":0}
{"ts":"2025-12-07T21:04:38.230Z","level":"info","reqId":"56e104e8-1324-4796-b349-8e0fd9f9a325","method":"GET","path":"/api/reports","status":304,"durationMs":67}
{"ts":"2025-12-07T21:05:50.738Z","level":"info","msg":"rate_limit_cleanup","removed":1,"remaining":0}
